# JRE version: OpenJDK Runtime Environment (17.0.6) (build 17.0.6+0-b2043.56-10027231)
# Java VM: OpenJDK 64-Bit Server VM (17.0.6+0-b2043.56-10027231, mixed mode, tiered, compressed oops, compressed class ptrs, g1 gc, windows-amd64)
GC Precious Log:
 CPUs: 8 total, 8 available
 Memory: 12028M
 Large Page Support: Disabled
 NUMA Support: Disabled
 Compressed Oops: Enabled (32-bit)
 Heap Region Size: 1M
 Heap Min Capacity: 8M
 Heap Initial Capacity: 188M
 Heap Max Capacity: 2G
 Pre-touch: Disabled
 Parallel Workers: 8
 Concurrent Workers: 2
 Concurrent Refinement Workers: 8
 Periodic GC: Disabled
Heap:
 garbage-first heap   total 408576K, used 144749K [0x0000000080000000, 0x0000000100000000)
  region size 1024K, 10 young (10240K), 10 survivors (10240K)
 Metaspace       used 161038K, committed 162560K, reserved 1196032K
  class space    used 21505K, committed 22208K, reserved 1048576K
GC Heap History (20 events):
Event: 1384.959 GC heap after
{Heap after GC invocations=84 (full 0):
 garbage-first heap   total 398336K, used 157303K [0x0000000080000000, 0x0000000100000000)
  region size 1024K, 3 young (3072K), 3 survivors (3072K)
 Metaspace       used 159706K, committed 161152K, reserved 1196032K
  class space    used 21463K, committed 22144K, reserved 1048576K
}
Event: 1385.154 GC heap before
{Heap before GC invocations=84 (full 0):
 garbage-first heap   total 398336K, used 190071K [0x0000000080000000, 0x0000000100000000)
  region size 1024K, 37 young (37888K), 3 survivors (3072K)
 Metaspace       used 159780K, committed 161216K, reserved 1196032K
  class space    used 21463K, committed 22144K, reserved 1048576K
}
Event: 1385.160 GC heap after
{Heap after GC invocations=85 (full 0):
 garbage-first heap   total 398336K, used 162517K [0x0000000080000000, 0x0000000100000000)
  region size 1024K, 9 young (9216K), 9 survivors (9216K)
 Metaspace       used 159780K, committed 161216K, reserved 1196032K
  class space    used 21463K, committed 22144K, reserved 1048576K
}
Event: 2603.854 GC heap before
{Heap before GC invocations=86 (full 0):
 garbage-first heap   total 398336K, used 373406K [0x0000000080000000, 0x0000000100000000)
  region size 1024K, 168 young (172032K), 9 survivors (9216K)
 Metaspace       used 160153K, committed 161664K, reserved 1196032K
  class space    used 21510K, committed 22208K, reserved 1048576K
}
Event: 2603.865 GC heap after
{Heap after GC invocations=87 (full 0):
 garbage-first heap   total 398336K, used 166124K [0x0000000080000000, 0x0000000100000000)
  region size 1024K, 13 young (13312K), 13 survivors (13312K)
 Metaspace       used 160153K, committed 161664K, reserved 1196032K
  class space    used 21510K, committed 22208K, reserved 1048576K
}
Event: 2603.917 GC heap before
{Heap before GC invocations=87 (full 0):
 garbage-first heap   total 398336K, used 172268K [0x0000000080000000, 0x0000000100000000)
  region size 1024K, 19 young (19456K), 13 survivors (13312K)
 Metaspace       used 160202K, committed 161728K, reserved 1196032K
  class space    used 21510K, committed 22208K, reserved 1048576K
}
Event: 2603.930 GC heap after
{Heap after GC invocations=88 (full 0):
 garbage-first heap   total 398336K, used 164336K [0x0000000080000000, 0x0000000100000000)
  region size 1024K, 2 young (2048K), 2 survivors (2048K)
 Metaspace       used 160202K, committed 161728K, reserved 1196032K
  class space    used 21510K, committed 22208K, reserved 1048576K
}
Event: 2604.218 GC heap before
{Heap before GC invocations=88 (full 0):
 garbage-first heap   total 398336K, used 198128K [0x0000000080000000, 0x0000000100000000)
  region size 1024K, 37 young (37888K), 2 survivors (2048K)
 Metaspace       used 160367K, committed 161920K, reserved 1196032K
  class space    used 21510K, committed 22208K, reserved 1048576K
}
Event: 2604.221 GC heap after
{Heap after GC invocations=89 (full 0):
 garbage-first heap   total 398336K, used 163384K [0x0000000080000000, 0x0000000100000000)
  region size 1024K, 2 young (2048K), 2 survivors (2048K)
 Metaspace       used 160367K, committed 161920K, reserved 1196032K
  class space    used 21510K, committed 22208K, reserved 1048576K
}
Event: 2872.595 GC heap before
{Heap before GC invocations=90 (full 0):
 garbage-first heap   total 398336K, used 380472K [0x0000000080000000, 0x0000000100000000)
  region size 1024K, 144 young (147456K), 2 survivors (2048K)
 Metaspace       used 160170K, committed 162048K, reserved 1196032K
  class space    used 21413K, committed 22208K, reserved 1048576K
}
Event: 2872.605 GC heap after
{Heap after GC invocations=91 (full 0):
 garbage-first heap   total 398336K, used 168535K [0x0000000080000000, 0x0000000100000000)
  region size 1024K, 11 young (11264K), 11 survivors (11264K)
 Metaspace       used 160170K, committed 162048K, reserved 1196032K
  class space    used 21413K, committed 22208K, reserved 1048576K
}
Event: 2872.647 GC heap before
{Heap before GC invocations=91 (full 0):
 garbage-first heap   total 398336K, used 176727K [0x0000000080000000, 0x0000000100000000)
  region size 1024K, 19 young (19456K), 11 survivors (11264K)
 Metaspace       used 160180K, committed 162048K, reserved 1196032K
  class space    used 21413K, committed 22208K, reserved 1048576K
}
Event: 2872.664 GC heap after
{Heap after GC invocations=92 (full 0):
 garbage-first heap   total 398336K, used 147311K [0x0000000080000000, 0x0000000100000000)
  region size 1024K, 2 young (2048K), 2 survivors (2048K)
 Metaspace       used 160180K, committed 162048K, reserved 1196032K
  class space    used 21413K, committed 22208K, reserved 1048576K
}
Event: 2874.063 GC heap before
{Heap before GC invocations=92 (full 0):
 garbage-first heap   total 398336K, used 220015K [0x0000000080000000, 0x0000000100000000)
  region size 1024K, 75 young (76800K), 2 survivors (2048K)
 Metaspace       used 160244K, committed 162048K, reserved 1196032K
  class space    used 21415K, committed 22208K, reserved 1048576K
}
Event: 2874.068 GC heap after
{Heap after GC invocations=93 (full 0):
 garbage-first heap   total 398336K, used 151545K [0x0000000080000000, 0x0000000100000000)
  region size 1024K, 6 young (6144K), 6 survivors (6144K)
 Metaspace       used 160244K, committed 162048K, reserved 1196032K
  class space    used 21415K, committed 22208K, reserved 1048576K
}
Event: 3160.433 GC heap before
{Heap before GC invocations=94 (full 0):
 garbage-first heap   total 408576K, used 388089K [0x0000000080000000, 0x0000000100000000)
  region size 1024K, 149 young (152576K), 6 survivors (6144K)
 Metaspace       used 160846K, committed 162368K, reserved 1196032K
  class space    used 21502K, committed 22208K, reserved 1048576K
}
Event: 3160.438 GC heap after
{Heap after GC invocations=95 (full 0):
 garbage-first heap   total 408576K, used 148419K [0x0000000080000000, 0x0000000100000000)
  region size 1024K, 3 young (3072K), 3 survivors (3072K)
 Metaspace       used 160846K, committed 162368K, reserved 1196032K
  class space    used 21502K, committed 22208K, reserved 1048576K
}
Event: 3160.544 GC heap before
{Heap before GC invocations=95 (full 0):
 garbage-first heap   total 408576K, used 164803K [0x0000000080000000, 0x0000000100000000)
  region size 1024K, 19 young (19456K), 3 survivors (3072K)
 Metaspace       used 160857K, committed 162368K, reserved 1196032K
  class space    used 21504K, committed 22208K, reserved 1048576K
}
Event: 3160.551 GC heap after
{Heap after GC invocations=96 (full 0):
 garbage-first heap   total 408576K, used 138188K [0x0000000080000000, 0x0000000100000000)
  region size 1024K, 3 young (3072K), 3 survivors (3072K)
 Metaspace       used 160857K, committed 162368K, reserved 1196032K
  class space    used 21504K, committed 22208K, reserved 1048576K
}
Event: 3305.359 GC heap before
{Heap before GC invocations=96 (full 0):
 garbage-first heap   total 408576K, used 303052K [0x0000000080000000, 0x0000000100000000)
  region size 1024K, 166 young (169984K), 3 survivors (3072K)
 Metaspace       used 161038K, committed 162560K, reserved 1196032K
  class space    used 21505K, committed 22208K, reserved 1048576K
}

